    _                _                      
   / \   ___ ___ ___| | ___ _ __ __ _ _   _ 
  / _ \ / __/ __/ _ \ |/ _ \ '__/ _` | | | |
 / ___ \ (_| (_|  __/ |  __/ | | (_| | |_| |
/_/   \_\___\___\___|_|\___|_|  \__, |\__, |
                                |___/ |___/ 

Info: generating outputs according to the following specified output flags... 
 Please use the -f flag to update the preference (default to all output files) 
{'ERT': 1, 'ERT_summary': 1, 'ART': 1, 'ART_summary': 1, 'energy_estimation': 1, 'flattened_arch': 1}
Info: config file located: /root/.config/accelergy/accelergy_config.yaml 
config file content: 
 {'compound_components': [], 'estimator_plug_ins': ['/usr/local/share/accelergy/estimation_plug_ins'], 'primitive_components': ['/usr/local/share/accelergy/primitive_component_libs'], 'table_plug_ins': {'roots': ['/usr/local/share/accelergy/estimation_plug_ins/accelergy-table-based-plug-ins/set_of_table_templates']}, 'version': 0.3}
Warn: Cannot recognize the top key "problem" in file ../../problemCNN/AlexNet_layer1.yaml 
Warn: Cannot recognize the top key "mapper" in file ../../mapper/mapper.yaml 
Warn: Cannot recognize the top key "mapspace_constraints" in file ../../constraints/constrains.yaml 
Info: Parsing file ../../arch/gemini_like.yaml for architecture info 
Info: Found non-numeric expression 3.0ns. Available bindings: {'latency': '3.0ns', 'technology': '45nm'} 
WARN: Failed to evaluate "3.0ns". Setting System.Chip.latency="3.0ns". Available bindings: {'latency': '3.0ns', 'technology': '45nm'}
Info: Found non-numeric expression 45nm. Available bindings: {'latency': '3.0ns', 'technology': '45nm'} 
WARN: Failed to evaluate "45nm". Setting System.Chip.technology="45nm". Available bindings: {'latency': '3.0ns', 'technology': '45nm'}
Info: Found non-numeric expression HBM2. Available bindings: {'block_size': 1, 'latency': '3.0ns', 'shared_bandwidth': 12.0, 'type': 'HBM2', 'width': 16, 'word-bits': 16} 
WARN: Failed to evaluate "HBM2". Setting variables.type="HBM2". Available bindings: {'attributes': {'block_size': 1, 'latency': '3.0ns', 'shared_bandwidth': 12.0, 'type': 'HBM2', 'width': 16, 'word-bits': 16}, 'class': 'DRAM', 'name': 'DRAM'}
Info: primitive component file parsed:  /usr/local/share/accelergy/primitive_component_libs/soc_primitives.lib.yaml 
Info: primitive component file parsed:  /usr/local/share/accelergy/primitive_component_libs/pim_primitive_component.lib.yaml 
Info: primitive component file parsed:  /usr/local/share/accelergy/primitive_component_libs/primitive_component.lib.yaml 
Warn: No compound component classes specified, architecture can only contain primitive components 
Info: Found non-numeric expression 65nm. Available bindings: {'block_size': 1, 'latency': '3.0ns', 'shared_bandwidth': 12.0, 'type': 'HBM2', 'width': 16, 'word-bits': 16, 'technology': '65nm'} 
WARN: Failed to evaluate "65nm". Setting System.DRAM.technology="65nm". Available bindings: {'block_size': 1, 'latency': '3.0ns', 'shared_bandwidth': 12.0, 'type': 'HBM2', 'width': 16, 'word-bits': 16, 'technology': '65nm'}
Info: Calculated "n_banks" = 1 
Info: Calculated "n_banks" = 2 
Info: Calculated "n_banks" = 4 
Info: estimator plug-in identified by:  /usr/local/share/accelergy/estimation_plug_ins/accelergy-table-based-plug-ins/table.estimator.yaml 
table-based-plug-ins Identifies a set of tables named:  test_tables
Info: estimator plug-in identified by:  /usr/local/share/accelergy/estimation_plug_ins/accelergy-cacti-plug-in/cacti.estimator.yaml 
Info: estimator plug-in identified by:  /usr/local/share/accelergy/estimation_plug_ins/dummy_tables/dummy.estimator.yaml 
Info: estimator plug-in identified by:  /usr/local/share/accelergy/estimation_plug_ins/accelergy-aladdin-plug-in/aladdin.estimator.yaml 
Info: CACTI plug-in... Querying CACTI for request:
 {'class_name': 'SRAM', 'attributes': {'depth': 1024, 'entries': 1024, 'n_banks': 2, 'n_rdwr_ports': 2, 'network-word-bits': 16, 'width': 16, 'word-bits': 16, 'latency': '3.0ns', 'technology': '45nm', 'n_rd_ports': 0, 'n_wr_ports': 0}, 'action_name': 'read', 'arguments': {'data_delta': 0, 'address_delta': 0}}
copy  /usr/local/share/accelergy/estimation_plug_ins/accelergy-cacti-plug-in/default_SRAM.cfg  to  /usr/local/share/accelergy/estimation_plug_ins/accelergy-cacti-plug-in/cacti/timeloop-mapper.04_13_13_35_30_SRAM.cfg
CACTI plug-in removing temp file:  /usr/local/share/accelergy/estimation_plug_ins/accelergy-cacti-plug-in/cacti/timeloop-mapper.04_13_13_35_30_SRAM.cfg
Info: CACTI plug-in... Querying CACTI for request:
 {'class_name': 'SRAM', 'attributes': {'depth': 16384, 'entries': 262144, 'n_banks': 4, 'n_rdwr_ports': 2, 'width': 16, 'word-bits': 16, 'latency': '3.0ns', 'technology': '45nm', 'n_rd_ports': 0, 'n_wr_ports': 0}, 'action_name': 'read', 'arguments': {'data_delta': 0, 'address_delta': 0}}
copy  /usr/local/share/accelergy/estimation_plug_ins/accelergy-cacti-plug-in/default_SRAM.cfg  to  /usr/local/share/accelergy/estimation_plug_ins/accelergy-cacti-plug-in/cacti/timeloop-mapper.04_13_13_35_30_SRAM.cfg
CACTI plug-in removing temp file:  /usr/local/share/accelergy/estimation_plug_ins/accelergy-cacti-plug-in/cacti/timeloop-mapper.04_13_13_35_30_SRAM.cfg
Warn: No action counts are specified as yaml input 
Info: flattened architecture is saved to: ./timeloop-mapper.flattened_architecture.yaml 
Info: energy reference table is saved to: ./timeloop-mapper.ERT.yaml 
Info: energy reference table summary is saved to: ./timeloop-mapper.ERT_summary.yaml 
Warn: no runtime energy estimations are generated... not generating energy_estimation.yaml 
Info: area reference table is saved to: ./timeloop-mapper.ART.yaml 
Info: area reference table summary is saved to: ./timeloop-mapper.ART_summary.yaml 
